MATLAB is selecting SOFTWARE OPENGL rendering.

                            < M A T L A B (R) >
                  Copyright 1984-2018 The MathWorks, Inc.
                   R2018a (9.4.0.813654) 64-bit (glnxa64)
                             February 23, 2018

 
To get started, type one of these: helpwin, helpdesk, or demo.
For product information, visit www.mathworks.com.
 
>> >> >> >> >> >> >> >> >> >> >> >>      1

Starting parallel pool (parpool) using the 'local' profile ...

Starting parallel pool (parpool) using the 'local' profile ...
connected to 24 workers.
---------------------END--------------------------
--------------------------------------------------
---------------------END--------------------------
--------------------------------------------------
---------------------END--------------------------
--------------------------------------------------
---------------------END--------------------------
--------------------------------------------------
---------------------END--------------------------
--------------------------------------------------
---------------------END--------------------------
--------------------------------------------------
---------------------END--------------------------
--------------------------------------------------
---------------------END--------------------------
--------------------------------------------------
---------------------END--------------------------
--------------------------------------------------
---------------------END--------------------------
--------------------------------------------------
     2

---------------------END--------------------------
--------------------------------------------------
---------------------END--------------------------
--------------------------------------------------
---------------------END--------------------------
--------------------------------------------------
---------------------END--------------------------
--------------------------------------------------
---------------------END--------------------------
--------------------------------------------------
---------------------END--------------------------
--------------------------------------------------
---------------------END--------------------------
--------------------------------------------------
---------------------END--------------------------
--------------------------------------------------
---------------------END--------------------------
--------------------------------------------------
---------------------END--------------------------
--------------------------------------------------
     3

---------------------END--------------------------
--------------------------------------------------
---------------------END--------------------------
--------------------------------------------------
---------------------END--------------------------
--------------------------------------------------
---------------------END--------------------------
--------------------------------------------------
---------------------END--------------------------
--------------------------------------------------
---------------------END--------------------------
--------------------------------------------------
---------------------END--------------------------
--------------------------------------------------
---------------------END--------------------------
--------------------------------------------------
---------------------END--------------------------
--------------------------------------------------
---------------------END--------------------------
--------------------------------------------------
     4

---------------------END--------------------------
--------------------------------------------------
---------------------END--------------------------
--------------------------------------------------
---------------------END--------------------------
--------------------------------------------------
---------------------END--------------------------
--------------------------------------------------
---------------------END--------------------------
--------------------------------------------------
---------------------END--------------------------
--------------------------------------------------
---------------------END--------------------------
--------------------------------------------------
---------------------END--------------------------
--------------------------------------------------
---------------------END--------------------------
--------------------------------------------------
---------------------END--------------------------
--------------------------------------------------
     5

---------------------END--------------------------
--------------------------------------------------
---------------------END--------------------------
--------------------------------------------------
---------------------END--------------------------
--------------------------------------------------
---------------------END--------------------------
--------------------------------------------------
---------------------END--------------------------
--------------------------------------------------
---------------------END--------------------------
--------------------------------------------------
---------------------END--------------------------
--------------------------------------------------
---------------------END--------------------------
--------------------------------------------------
---------------------END--------------------------
--------------------------------------------------
---------------------END--------------------------
--------------------------------------------------
     6

---------------------END--------------------------
--------------------------------------------------
---------------------END--------------------------
--------------------------------------------------
---------------------END--------------------------
--------------------------------------------------
---------------------END--------------------------
--------------------------------------------------
---------------------END--------------------------
--------------------------------------------------
---------------------END--------------------------
--------------------------------------------------
---------------------END--------------------------
--------------------------------------------------
---------------------END--------------------------
--------------------------------------------------
---------------------END--------------------------
--------------------------------------------------
---------------------END--------------------------
--------------------------------------------------
     7

---------------------END--------------------------
--------------------------------------------------
---------------------END--------------------------
--------------------------------------------------
---------------------END--------------------------
--------------------------------------------------
---------------------END--------------------------
--------------------------------------------------
---------------------END--------------------------
--------------------------------------------------
---------------------END--------------------------
--------------------------------------------------
---------------------END--------------------------
--------------------------------------------------
---------------------END--------------------------
--------------------------------------------------
---------------------END--------------------------
--------------------------------------------------
---------------------END--------------------------
--------------------------------------------------
     8

---------------------END--------------------------
--------------------------------------------------
---------------------END--------------------------
--------------------------------------------------
---------------------END--------------------------
--------------------------------------------------
---------------------END--------------------------
--------------------------------------------------
---------------------END--------------------------
--------------------------------------------------
---------------------END--------------------------
--------------------------------------------------
---------------------END--------------------------
--------------------------------------------------
---------------------END--------------------------
--------------------------------------------------
---------------------END--------------------------
--------------------------------------------------
---------------------END--------------------------
--------------------------------------------------
     9

---------------------END--------------------------
--------------------------------------------------
---------------------END--------------------------
--------------------------------------------------
---------------------END--------------------------
--------------------------------------------------
---------------------END--------------------------
--------------------------------------------------
---------------------END--------------------------
--------------------------------------------------
---------------------END--------------------------
--------------------------------------------------
---------------------END--------------------------
--------------------------------------------------
---------------------END--------------------------
--------------------------------------------------
---------------------END--------------------------
--------------------------------------------------
---------------------END--------------------------
--------------------------------------------------
    10

---------------------END--------------------------
--------------------------------------------------
---------------------END--------------------------
--------------------------------------------------
---------------------END--------------------------
--------------------------------------------------
---------------------END--------------------------
--------------------------------------------------
---------------------END--------------------------
--------------------------------------------------
---------------------END--------------------------
--------------------------------------------------
---------------------END--------------------------
--------------------------------------------------
---------------------END--------------------------
--------------------------------------------------
---------------------END--------------------------
--------------------------------------------------
---------------------END--------------------------
--------------------------------------------------

total_time =

   1.8447e+04

